<?xml version="1.0" encoding="UTF-8"?>
<!-- Generated by org.testng.reporters.JUnitReportReporter -->
<testsuite hostname="Rubini" name="algorithm.SortingAlgorithms" tests="1" failures="0" timestamp="2 Nov 2016 04:07:07 GMT" time="0.066" errors="0">
  <testcase name="selectionSort" time="0.066" classname="algorithm.SortingAlgorithms"/>
</testsuite> <!-- algorithm.SortingAlgorithms -->
