<?xml version="1.0" encoding="UTF-8"?>
<!-- Generated by org.testng.reporters.JUnitReportReporter -->
<testsuite hostname="Rubini" name="efficientSorts.MergeSort" tests="1" failures="0" timestamp="2 Nov 2016 05:52:20 GMT" time="0.073" errors="0">
  <testcase name="doMergeSort" time="0.073" classname="efficientSorts.MergeSort"/>
</testsuite> <!-- efficientSorts.MergeSort -->
